Time Stamp: 2024-08-23 10:37:27
CPU Usage: 1.5%
Memory Usage: 832 MB used of 7937 MB total
Disk Usage: 35G used of 47G total
---------------------------------
Time Stamp: 2024-08-23 10:37:37
CPU Usage: 3.1%
Memory Usage: 833 MB used of 7937 MB total
Disk Usage: 35G used of 47G total
---------------------------------
Time Stamp: 2024-08-23 10:37:39
CPU Usage: 3.1%
Memory Usage: 833 MB used of 7937 MB total
Disk Usage: 35G used of 47G total
---------------------------------
Time Stamp: 2024-08-23 10:37:40
CPU Usage: 3.1%
Memory Usage: 833 MB used of 7937 MB total
Disk Usage: 35G used of 47G total
---------------------------------
