Timestamp: 2024-08-20 05:50:01
CPU usage: 11.3%
Memory Usage: 2508/14871MB (16.865%)
Disk Usage: /dev/sda3 77%
Disk Usage: /dev/sda2 2%
Disk Usage: /dev/sr0 100%
-------------------------------
Timestamp: 2024-08-20 06:00:01
CPU usage: 2.4%
Memory Usage: 2508/14871MB (16.865%)
Disk Usage: /dev/sda3 77%
Disk Usage: /dev/sda2 2%
Disk Usage: /dev/sr0 100%
-------------------------------
Timestamp: 2024-08-20 06:10:02
CPU usage: 7.2%
Memory Usage: 2541/14871MB (17.0869%)
Disk Usage: /dev/sda3 77%
Disk Usage: /dev/sda2 2%
Disk Usage: /dev/sr0 100%
-------------------------------
Timestamp: 2024-08-20 06:20:01
CPU usage: 9.5%
Memory Usage: 2577/14871MB (17.329%)
Disk Usage: /dev/sda3 77%
Disk Usage: /dev/sda2 2%
Disk Usage: /dev/sr0 100%
-------------------------------
Timestamp: 2024-08-20 06:30:01
CPU usage: 11.1%
Memory Usage: 2569/14871MB (17.2752%)
Disk Usage: /dev/sda3 77%
Disk Usage: /dev/sda2 2%
Disk Usage: /dev/sr0 100%
-------------------------------
Timestamp: 2024-08-20 06:40:01
CPU usage: 8.6%
Memory Usage: 2557/14871MB (17.1945%)
Disk Usage: /dev/sda3 77%
Disk Usage: /dev/sda2 2%
Disk Usage: /dev/sr0 100%
-------------------------------
Timestamp: 2024-08-20 06:50:01
CPU usage: 9.3%
Memory Usage: 2565/14871MB (17.2483%)
Disk Usage: /dev/sda3 77%
Disk Usage: /dev/sda2 2%
Disk Usage: /dev/sr0 100%
-------------------------------
Timestamp: 2024-08-20 07:00:01
CPU usage: 2.4%
Memory Usage: 2593/14871MB (17.4366%)
Disk Usage: /dev/sda3 77%
Disk Usage: /dev/sda2 2%
Disk Usage: /dev/sr0 100%
-------------------------------
Timestamp: 2024-08-20 07:10:01
CPU usage: 4.4%
Memory Usage: 2593/14871MB (17.4366%)
Disk Usage: /dev/sda3 77%
Disk Usage: /dev/sda2 2%
Disk Usage: /dev/sr0 100%
-------------------------------
Timestamp: 2024-08-20 07:20:01
CPU usage: 9.3%
Memory Usage: 2561/14871MB (17.2214%)
Disk Usage: /dev/sda3 77%
Disk Usage: /dev/sda2 2%
Disk Usage: /dev/sr0 100%
-------------------------------
Timestamp: 2024-08-20 07:30:01
CPU usage: 9.6%
Memory Usage: 2615/14871MB (17.5846%)
Disk Usage: /dev/sda3 77%
Disk Usage: /dev/sda2 2%
Disk Usage: /dev/sr0 100%
-------------------------------
Timestamp: 2024-08-20 07:40:01
CPU usage: 8.8%
Memory Usage: 3103/14871MB (20.8661%)
Disk Usage: /dev/sda3 77%
Disk Usage: /dev/sda2 2%
Disk Usage: /dev/sr0 100%
-------------------------------
Timestamp: 2024-08-20 07:50:01
CPU usage: 3.8%
Memory Usage: 3080/14871MB (20.7115%)
Disk Usage: /dev/sda3 77%
Disk Usage: /dev/sda2 2%
Disk Usage: /dev/sr0 100%
-------------------------------
Timestamp: 2024-08-20 08:00:01
CPU usage: 9.1%
Memory Usage: 3083/14871MB (20.7316%)
Disk Usage: /dev/sda3 77%
Disk Usage: /dev/sda2 2%
Disk Usage: /dev/sr0 100%
-------------------------------
Timestamp: 2024-08-20 08:10:01
CPU usage: 2.3%
Memory Usage: 3144/14871MB (21.1418%)
Disk Usage: /dev/sda3 77%
Disk Usage: /dev/sda2 2%
Disk Usage: /dev/sr0 100%
-------------------------------
Timestamp: 2024-08-20 08:20:01
CPU usage: 4.6%
Memory Usage: 3147/14871MB (21.162%)
Disk Usage: /dev/sda3 77%
Disk Usage: /dev/sda2 2%
Disk Usage: /dev/sr0 100%
-------------------------------
